<?xml version="1.0" encoding="UTF-8"?>
<!-- Generated by org.testng.reporters.JUnitXMLReporter -->
<testsuite ignored="4" hostname="DESKTOP-V67KR6L" failures="0" tests="1" name="Default test" time="16.506" errors="0" timestamp="2022-03-18T23:33:28 EDT">
  <testcase classname="tests.AmazonTests" name="amazonSearchTest" time="10.234"/>
  <testcase classname="tests.AmazonTests" name="google" time="0.0">
    <ignored/>
  </testcase> <!-- google -->
  <testcase classname="tests.AmazonTests" name="etsy" time="0.0">
    <ignored/>
  </testcase> <!-- etsy -->
  <testcase classname="tests.AmazonTests" name="facebook" time="0.0">
    <ignored/>
  </testcase> <!-- facebook -->
  <testcase classname="tests.AmazonTests" name="amazon" time="0.0">
    <ignored/>
  </testcase> <!-- amazon -->
</testsuite> <!-- Default test -->
