<?xml version="1.0" encoding="UTF-8"?>
<testng-results ignored="4" total="5" passed="1" failed="0" skipped="0">
  <reporter-output>
  </reporter-output>
  <suite started-at="2022-03-18T23:33:12 EDT" name="Default suite" finished-at="2022-03-18T23:33:28 EDT" duration-ms="16506">
    <groups>
    </groups>
    <test started-at="2022-03-18T23:33:12 EDT" name="Default test" finished-at="2022-03-18T23:33:28 EDT" duration-ms="16506">
      <class name="tests.AmazonTests">
        <test-method is-config="true" signature="beforeMethod()[pri:0, instance:tests.AmazonTests@be64738]" started-at="2022-03-18T23:33:12 EDT" name="beforeMethod" finished-at="2022-03-18T23:33:17 EDT" duration-ms="5654" status="PASS">
          <reporter-output>
          </reporter-output>
        </test-method> <!-- beforeMethod -->
        <test-method signature="amazonSearchTest()[pri:0, instance:tests.AmazonTests@be64738]" started-at="2022-03-18T23:33:17 EDT" name="amazonSearchTest" finished-at="2022-03-18T23:33:28 EDT" duration-ms="10234" status="PASS">
          <reporter-output>
          </reporter-output>
        </test-method> <!-- amazonSearchTest -->
        <test-method is-config="true" signature="afterMethod()[pri:0, instance:tests.AmazonTests@be64738]" started-at="2022-03-18T23:33:28 EDT" name="afterMethod" finished-at="2022-03-18T23:33:28 EDT" duration-ms="532" status="PASS">
          <reporter-output>
          </reporter-output>
        </test-method> <!-- afterMethod -->
      </class> <!-- tests.AmazonTests -->
    </test> <!-- Default test -->
  </suite> <!-- Default suite -->
</testng-results>
